{"/home/bilush/bilush_dev/tuts_project/vidly_api/index.js": {"path":"/home/bilush/bilush_dev/tuts_project/vidly_api/index.js","statementMap":{"0":{"start":{"line":1,"column":16},"end":{"line":1,"column":34}},"1":{"start":{"line":2,"column":16},"end":{"line":2,"column":34}},"2":{"start":{"line":3,"column":12},"end":{"line":3,"column":21}},"3":{"start":{"line":5,"column":0},"end":{"line":5,"column":31}},"4":{"start":{"line":6,"column":0},"end":{"line":6,"column":33}},"5":{"start":{"line":7,"column":0},"end":{"line":7,"column":26}},"6":{"start":{"line":8,"column":0},"end":{"line":8,"column":30}},"7":{"start":{"line":9,"column":0},"end":{"line":9,"column":34}},"8":{"start":{"line":11,"column":13},"end":{"line":11,"column":37}},"9":{"start":{"line":12,"column":15},"end":{"line":14,"column":1}},"10":{"start":{"line":13,"column":2},"end":{"line":13,"column":50}},"11":{"start":{"line":16,"column":0},"end":{"line":16,"column":24}}},"fnMap":{"0":{"name":"(anonymous_0)","decl":{"start":{"line":12,"column":32},"end":{"line":12,"column":33}},"loc":{"start":{"line":13,"column":2},"end":{"line":13,"column":50}},"line":13}},"branchMap":{"0":{"loc":{"start":{"line":11,"column":13},"end":{"line":11,"column":37}},"type":"binary-expr","locations":[{"start":{"line":11,"column":13},"end":{"line":11,"column":29}},{"start":{"line":11,"column":33},"end":{"line":11,"column":37}}],"line":11}},"s":{"0":7,"1":7,"2":7,"3":7,"4":7,"5":7,"6":7,"7":7,"8":7,"9":7,"10":7,"11":7},"f":{"0":7},"b":{"0":[7,7]},"_coverageSchema":"1a1c01bbd47fc00a2c39e90264f33305004495a9","hash":"f4f710beeb444cbc809959507ed87bf8481866ec"}
,"/home/bilush/bilush_dev/tuts_project/vidly_api/middleware/admin.js": {"path":"/home/bilush/bilush_dev/tuts_project/vidly_api/middleware/admin.js","statementMap":{"0":{"start":{"line":1,"column":0},"end":{"line":4,"column":2}},"1":{"start":{"line":2,"column":2},"end":{"line":2,"column":70}},"2":{"start":{"line":2,"column":25},"end":{"line":2,"column":70}},"3":{"start":{"line":3,"column":2},"end":{"line":3,"column":9}}},"fnMap":{"0":{"name":"(anonymous_0)","decl":{"start":{"line":1,"column":17},"end":{"line":1,"column":18}},"loc":{"start":{"line":1,"column":43},"end":{"line":4,"column":1}},"line":1}},"branchMap":{"0":{"loc":{"start":{"line":2,"column":2},"end":{"line":2,"column":70}},"type":"if","locations":[{"start":{"line":2,"column":2},"end":{"line":2,"column":70}},{"start":{"line":2,"column":2},"end":{"line":2,"column":70}}],"line":2}},"s":{"0":7,"1":15,"2":3,"3":12},"f":{"0":15},"b":{"0":[3,12]},"_coverageSchema":"1a1c01bbd47fc00a2c39e90264f33305004495a9","hash":"d0141a691b234642a2b209720bb0e8740c56cb9b"}
,"/home/bilush/bilush_dev/tuts_project/vidly_api/middleware/auth.js": {"path":"/home/bilush/bilush_dev/tuts_project/vidly_api/middleware/auth.js","statementMap":{"0":{"start":{"line":1,"column":12},"end":{"line":1,"column":35}},"1":{"start":{"line":2,"column":15},"end":{"line":2,"column":32}},"2":{"start":{"line":4,"column":0},"end":{"line":15,"column":2}},"3":{"start":{"line":5,"column":16},"end":{"line":5,"column":42}},"4":{"start":{"line":6,"column":2},"end":{"line":6,"column":78}},"5":{"start":{"line":6,"column":14},"end":{"line":6,"column":78}},"6":{"start":{"line":8,"column":2},"end":{"line":14,"column":3}},"7":{"start":{"line":9,"column":20},"end":{"line":9,"column":66}},"8":{"start":{"line":10,"column":4},"end":{"line":10,"column":23}},"9":{"start":{"line":11,"column":4},"end":{"line":11,"column":11}},"10":{"start":{"line":13,"column":4},"end":{"line":13,"column":42}}},"fnMap":{"0":{"name":"(anonymous_0)","decl":{"start":{"line":4,"column":17},"end":{"line":4,"column":18}},"loc":{"start":{"line":4,"column":43},"end":{"line":15,"column":1}},"line":4}},"branchMap":{"0":{"loc":{"start":{"line":6,"column":2},"end":{"line":6,"column":78}},"type":"if","locations":[{"start":{"line":6,"column":2},"end":{"line":6,"column":78}},{"start":{"line":6,"column":2},"end":{"line":6,"column":78}}],"line":6}},"s":{"0":8,"1":8,"2":8,"3":92,"4":92,"5":13,"6":79,"7":79,"8":78,"9":78,"10":1},"f":{"0":92},"b":{"0":[13,79]},"_coverageSchema":"1a1c01bbd47fc00a2c39e90264f33305004495a9","hash":"b7485c642aecb6202ee1116c9f3f009ee3393179"}
,"/home/bilush/bilush_dev/tuts_project/vidly_api/middleware/error.js": {"path":"/home/bilush/bilush_dev/tuts_project/vidly_api/middleware/error.js","statementMap":{"0":{"start":{"line":1,"column":16},"end":{"line":1,"column":34}},"1":{"start":{"line":3,"column":0},"end":{"line":8,"column":2}},"2":{"start":{"line":4,"column":2},"end":{"line":4,"column":48}},"3":{"start":{"line":6,"column":2},"end":{"line":6,"column":43}},"4":{"start":{"line":7,"column":2},"end":{"line":7,"column":9}}},"fnMap":{"0":{"name":"(anonymous_0)","decl":{"start":{"line":3,"column":17},"end":{"line":3,"column":18}},"loc":{"start":{"line":3,"column":48},"end":{"line":8,"column":1}},"line":3}},"branchMap":{},"s":{"0":7,"1":7,"2":0,"3":0,"4":0},"f":{"0":0},"b":{},"_coverageSchema":"1a1c01bbd47fc00a2c39e90264f33305004495a9","hash":"1d01fe03469c555752e7bc5b9a7647313fffb653"}
,"/home/bilush/bilush_dev/tuts_project/vidly_api/middleware/validate.js": {"path":"/home/bilush/bilush_dev/tuts_project/vidly_api/middleware/validate.js","statementMap":{"0":{"start":{"line":1,"column":0},"end":{"line":7,"column":2}},"1":{"start":{"line":2,"column":2},"end":{"line":6,"column":4}},"2":{"start":{"line":3,"column":22},"end":{"line":3,"column":41}},"3":{"start":{"line":4,"column":4},"end":{"line":4,"column":69}},"4":{"start":{"line":4,"column":15},"end":{"line":4,"column":69}},"5":{"start":{"line":5,"column":4},"end":{"line":5,"column":11}}},"fnMap":{"0":{"name":"(anonymous_0)","decl":{"start":{"line":1,"column":17},"end":{"line":1,"column":18}},"loc":{"start":{"line":1,"column":32},"end":{"line":7,"column":1}},"line":1},"1":{"name":"(anonymous_1)","decl":{"start":{"line":2,"column":9},"end":{"line":2,"column":10}},"loc":{"start":{"line":2,"column":29},"end":{"line":6,"column":3}},"line":2}},"branchMap":{"0":{"loc":{"start":{"line":4,"column":4},"end":{"line":4,"column":69}},"type":"if","locations":[{"start":{"line":4,"column":4},"end":{"line":4,"column":69}},{"start":{"line":4,"column":4},"end":{"line":4,"column":69}}],"line":4}},"s":{"0":7,"1":7,"2":9,"3":9,"4":2,"5":7},"f":{"0":7,"1":9},"b":{"0":[2,7]},"_coverageSchema":"1a1c01bbd47fc00a2c39e90264f33305004495a9","hash":"8b91383b39b3a98951256863573d6283c2778107"}
,"/home/bilush/bilush_dev/tuts_project/vidly_api/middleware/validateObjectId.js": {"path":"/home/bilush/bilush_dev/tuts_project/vidly_api/middleware/validateObjectId.js","statementMap":{"0":{"start":{"line":1,"column":17},"end":{"line":1,"column":36}},"1":{"start":{"line":3,"column":0},"end":{"line":8,"column":2}},"2":{"start":{"line":4,"column":2},"end":{"line":5,"column":46}},"3":{"start":{"line":5,"column":4},"end":{"line":5,"column":46}},"4":{"start":{"line":7,"column":2},"end":{"line":7,"column":9}}},"fnMap":{"0":{"name":"(anonymous_0)","decl":{"start":{"line":3,"column":17},"end":{"line":3,"column":18}},"loc":{"start":{"line":3,"column":43},"end":{"line":8,"column":1}},"line":3}},"branchMap":{"0":{"loc":{"start":{"line":4,"column":2},"end":{"line":5,"column":46}},"type":"if","locations":[{"start":{"line":4,"column":2},"end":{"line":5,"column":46}},{"start":{"line":4,"column":2},"end":{"line":5,"column":46}}],"line":4}},"s":{"0":7,"1":7,"2":47,"3":9,"4":38},"f":{"0":47},"b":{"0":[9,38]},"_coverageSchema":"1a1c01bbd47fc00a2c39e90264f33305004495a9","hash":"f9d6be76bf4b6da6920fa2ffb2bb51787720d497"}
,"/home/bilush/bilush_dev/tuts_project/vidly_api/models/customer.js": {"path":"/home/bilush/bilush_dev/tuts_project/vidly_api/models/customer.js","statementMap":{"0":{"start":{"line":1,"column":17},"end":{"line":1,"column":36}},"1":{"start":{"line":2,"column":12},"end":{"line":2,"column":26}},"2":{"start":{"line":4,"column":17},"end":{"line":24,"column":1}},"3":{"start":{"line":27,"column":17},"end":{"line":31,"column":4}},"4":{"start":{"line":33,"column":2},"end":{"line":33,"column":35}},"5":{"start":{"line":36,"column":0},"end":{"line":36,"column":28}},"6":{"start":{"line":37,"column":0},"end":{"line":37,"column":36}}},"fnMap":{"0":{"name":"validateCustomer","decl":{"start":{"line":26,"column":9},"end":{"line":26,"column":25}},"loc":{"start":{"line":26,"column":36},"end":{"line":34,"column":1}},"line":26}},"branchMap":{},"s":{"0":7,"1":7,"2":7,"3":13,"4":13,"5":7,"6":7},"f":{"0":13},"b":{},"_coverageSchema":"1a1c01bbd47fc00a2c39e90264f33305004495a9","hash":"0e5f3fd763faa8a5ae17644f97c27cbdfe027a1f"}
,"/home/bilush/bilush_dev/tuts_project/vidly_api/models/genre.js": {"path":"/home/bilush/bilush_dev/tuts_project/vidly_api/models/genre.js","statementMap":{"0":{"start":{"line":1,"column":17},"end":{"line":1,"column":36}},"1":{"start":{"line":2,"column":12},"end":{"line":2,"column":26}},"2":{"start":{"line":4,"column":20},"end":{"line":11,"column":2}},"3":{"start":{"line":13,"column":14},"end":{"line":13,"column":50}},"4":{"start":{"line":16,"column":17},"end":{"line":18,"column":4}},"5":{"start":{"line":20,"column":2},"end":{"line":20,"column":32}},"6":{"start":{"line":23,"column":0},"end":{"line":23,"column":22}},"7":{"start":{"line":24,"column":0},"end":{"line":24,"column":34}},"8":{"start":{"line":25,"column":0},"end":{"line":25,"column":33}}},"fnMap":{"0":{"name":"validateGenre","decl":{"start":{"line":15,"column":9},"end":{"line":15,"column":22}},"loc":{"start":{"line":15,"column":30},"end":{"line":21,"column":1}},"line":15}},"branchMap":{},"s":{"0":7,"1":7,"2":7,"3":7,"4":10,"5":10,"6":7,"7":7,"8":7},"f":{"0":10},"b":{},"_coverageSchema":"1a1c01bbd47fc00a2c39e90264f33305004495a9","hash":"5b5f1225017d4d96305d51d43344fdc0f14ee890"}
,"/home/bilush/bilush_dev/tuts_project/vidly_api/models/movie.js": {"path":"/home/bilush/bilush_dev/tuts_project/vidly_api/models/movie.js","statementMap":{"0":{"start":{"line":1,"column":12},"end":{"line":1,"column":26}},"1":{"start":{"line":2,"column":17},"end":{"line":2,"column":36}},"2":{"start":{"line":3,"column":24},"end":{"line":3,"column":42}},"3":{"start":{"line":5,"column":14},"end":{"line":32,"column":1}},"4":{"start":{"line":35,"column":17},"end":{"line":40,"column":4}},"5":{"start":{"line":42,"column":2},"end":{"line":42,"column":32}},"6":{"start":{"line":45,"column":0},"end":{"line":45,"column":22}},"7":{"start":{"line":46,"column":0},"end":{"line":46,"column":33}}},"fnMap":{"0":{"name":"validateMovie","decl":{"start":{"line":34,"column":9},"end":{"line":34,"column":22}},"loc":{"start":{"line":34,"column":30},"end":{"line":43,"column":1}},"line":34}},"branchMap":{},"s":{"0":7,"1":7,"2":7,"3":7,"4":20,"5":20,"6":7,"7":7},"f":{"0":20},"b":{},"_coverageSchema":"1a1c01bbd47fc00a2c39e90264f33305004495a9","hash":"590b4dcfeb4823399f572392e1ae0efbd8fd3814"}
,"/home/bilush/bilush_dev/tuts_project/vidly_api/models/rental.js": {"path":"/home/bilush/bilush_dev/tuts_project/vidly_api/models/rental.js","statementMap":{"0":{"start":{"line":1,"column":12},"end":{"line":1,"column":26}},"1":{"start":{"line":2,"column":17},"end":{"line":2,"column":36}},"2":{"start":{"line":3,"column":15},"end":{"line":3,"column":32}},"3":{"start":{"line":5,"column":21},"end":{"line":57,"column":2}},"4":{"start":{"line":59,"column":0},"end":{"line":64,"column":2}},"5":{"start":{"line":60,"column":2},"end":{"line":63,"column":5}},"6":{"start":{"line":66,"column":0},"end":{"line":71,"column":2}},"7":{"start":{"line":67,"column":2},"end":{"line":67,"column":33}},"8":{"start":{"line":69,"column":21},"end":{"line":69,"column":56}},"9":{"start":{"line":70,"column":2},"end":{"line":70,"column":59}},"10":{"start":{"line":73,"column":15},"end":{"line":73,"column":53}},"11":{"start":{"line":76,"column":17},"end":{"line":79,"column":4}},"12":{"start":{"line":81,"column":2},"end":{"line":81,"column":33}},"13":{"start":{"line":84,"column":0},"end":{"line":84,"column":24}},"14":{"start":{"line":85,"column":0},"end":{"line":85,"column":34}}},"fnMap":{"0":{"name":"(anonymous_0)","decl":{"start":{"line":59,"column":30},"end":{"line":59,"column":31}},"loc":{"start":{"line":59,"column":61},"end":{"line":64,"column":1}},"line":59},"1":{"name":"(anonymous_1)","decl":{"start":{"line":66,"column":30},"end":{"line":66,"column":31}},"loc":{"start":{"line":66,"column":42},"end":{"line":71,"column":1}},"line":66},"2":{"name":"validateRental","decl":{"start":{"line":75,"column":9},"end":{"line":75,"column":23}},"loc":{"start":{"line":75,"column":32},"end":{"line":82,"column":1}},"line":75}},"branchMap":{},"s":{"0":7,"1":7,"2":7,"3":7,"4":7,"5":7,"6":7,"7":5,"8":5,"9":5,"10":7,"11":6,"12":6,"13":7,"14":7},"f":{"0":7,"1":5,"2":6},"b":{},"_coverageSchema":"1a1c01bbd47fc00a2c39e90264f33305004495a9","hash":"83416e53c49473b03b1a540dab5cd40355a12624"}
,"/home/bilush/bilush_dev/tuts_project/vidly_api/models/user.js": {"path":"/home/bilush/bilush_dev/tuts_project/vidly_api/models/user.js","statementMap":{"0":{"start":{"line":1,"column":17},"end":{"line":1,"column":36}},"1":{"start":{"line":2,"column":15},"end":{"line":2,"column":32}},"2":{"start":{"line":3,"column":12},"end":{"line":3,"column":35}},"3":{"start":{"line":4,"column":12},"end":{"line":4,"column":26}},"4":{"start":{"line":6,"column":19},"end":{"line":27,"column":2}},"5":{"start":{"line":29,"column":0},"end":{"line":35,"column":2}},"6":{"start":{"line":30,"column":16},"end":{"line":33,"column":3}},"7":{"start":{"line":34,"column":2},"end":{"line":34,"column":15}},"8":{"start":{"line":37,"column":13},"end":{"line":37,"column":47}},"9":{"start":{"line":40,"column":17},"end":{"line":44,"column":4}},"10":{"start":{"line":46,"column":2},"end":{"line":46,"column":31}},"11":{"start":{"line":49,"column":0},"end":{"line":49,"column":20}},"12":{"start":{"line":50,"column":0},"end":{"line":50,"column":32}},"13":{"start":{"line":51,"column":0},"end":{"line":51,"column":32}}},"fnMap":{"0":{"name":"(anonymous_0)","decl":{"start":{"line":29,"column":39},"end":{"line":29,"column":40}},"loc":{"start":{"line":29,"column":51},"end":{"line":35,"column":1}},"line":29},"1":{"name":"validateUser","decl":{"start":{"line":39,"column":9},"end":{"line":39,"column":21}},"loc":{"start":{"line":39,"column":28},"end":{"line":47,"column":1}},"line":39}},"branchMap":{},"s":{"0":9,"1":9,"2":9,"3":9,"4":9,"5":9,"6":97,"7":97,"8":9,"9":3,"10":3,"11":9,"12":9,"13":9},"f":{"0":97,"1":3},"b":{},"_coverageSchema":"1a1c01bbd47fc00a2c39e90264f33305004495a9","hash":"dfa031c51658deed56790e8f664571605bfe38a1"}
,"/home/bilush/bilush_dev/tuts_project/vidly_api/routes/auth.js": {"path":"/home/bilush/bilush_dev/tuts_project/vidly_api/routes/auth.js","statementMap":{"0":{"start":{"line":1,"column":15},"end":{"line":1,"column":32}},"1":{"start":{"line":2,"column":16},"end":{"line":2,"column":34}},"2":{"start":{"line":3,"column":15},"end":{"line":3,"column":32}},"3":{"start":{"line":4,"column":12},"end":{"line":4,"column":35}},"4":{"start":{"line":5,"column":12},"end":{"line":5,"column":26}},"5":{"start":{"line":6,"column":15},"end":{"line":6,"column":31}},"6":{"start":{"line":8,"column":17},"end":{"line":8,"column":42}},"7":{"start":{"line":10,"column":0},"end":{"line":22,"column":3}},"8":{"start":{"line":11,"column":20},"end":{"line":11,"column":38}},"9":{"start":{"line":12,"column":2},"end":{"line":12,"column":67}},"10":{"start":{"line":12,"column":13},"end":{"line":12,"column":67}},"11":{"start":{"line":14,"column":13},"end":{"line":14,"column":58}},"12":{"start":{"line":15,"column":2},"end":{"line":15,"column":70}},"13":{"start":{"line":15,"column":13},"end":{"line":15,"column":70}},"14":{"start":{"line":17,"column":24},"end":{"line":17,"column":78}},"15":{"start":{"line":18,"column":2},"end":{"line":18,"column":79}},"16":{"start":{"line":18,"column":22},"end":{"line":18,"column":79}},"17":{"start":{"line":20,"column":16},"end":{"line":20,"column":40}},"18":{"start":{"line":21,"column":2},"end":{"line":21,"column":18}},"19":{"start":{"line":25,"column":17},"end":{"line":28,"column":4}},"20":{"start":{"line":30,"column":2},"end":{"line":30,"column":30}},"21":{"start":{"line":33,"column":0},"end":{"line":33,"column":24}}},"fnMap":{"0":{"name":"(anonymous_0)","decl":{"start":{"line":10,"column":17},"end":{"line":10,"column":18}},"loc":{"start":{"line":10,"column":37},"end":{"line":22,"column":1}},"line":10},"1":{"name":"validate","decl":{"start":{"line":24,"column":9},"end":{"line":24,"column":17}},"loc":{"start":{"line":24,"column":23},"end":{"line":31,"column":1}},"line":24}},"branchMap":{"0":{"loc":{"start":{"line":12,"column":2},"end":{"line":12,"column":67}},"type":"if","locations":[{"start":{"line":12,"column":2},"end":{"line":12,"column":67}},{"start":{"line":12,"column":2},"end":{"line":12,"column":67}}],"line":12},"1":{"loc":{"start":{"line":15,"column":2},"end":{"line":15,"column":70}},"type":"if","locations":[{"start":{"line":15,"column":2},"end":{"line":15,"column":70}},{"start":{"line":15,"column":2},"end":{"line":15,"column":70}}],"line":15},"2":{"loc":{"start":{"line":18,"column":2},"end":{"line":18,"column":79}},"type":"if","locations":[{"start":{"line":18,"column":2},"end":{"line":18,"column":79}},{"start":{"line":18,"column":2},"end":{"line":18,"column":79}}],"line":18}},"s":{"0":7,"1":7,"2":7,"3":7,"4":7,"5":7,"6":7,"7":7,"8":2,"9":2,"10":1,"11":1,"12":1,"13":0,"14":1,"15":1,"16":1,"17":0,"18":0,"19":2,"20":2,"21":7},"f":{"0":2,"1":2},"b":{"0":[1,1],"1":[0,1],"2":[1,0]},"_coverageSchema":"1a1c01bbd47fc00a2c39e90264f33305004495a9","hash":"4043466e4220cd3be5b6971501dac37f04be34a4"}
,"/home/bilush/bilush_dev/tuts_project/vidly_api/routes/customers.js": {"path":"/home/bilush/bilush_dev/tuts_project/vidly_api/routes/customers.js","statementMap":{"0":{"start":{"line":1,"column":16},"end":{"line":1,"column":34}},"1":{"start":{"line":3,"column":15},"end":{"line":3,"column":31}},"2":{"start":{"line":5,"column":13},"end":{"line":5,"column":42}},"3":{"start":{"line":6,"column":14},"end":{"line":6,"column":44}},"4":{"start":{"line":7,"column":25},"end":{"line":7,"column":66}},"5":{"start":{"line":9,"column":31},"end":{"line":9,"column":60}},"6":{"start":{"line":11,"column":0},"end":{"line":14,"column":3}},"7":{"start":{"line":12,"column":20},"end":{"line":12,"column":54}},"8":{"start":{"line":13,"column":2},"end":{"line":13,"column":22}},"9":{"start":{"line":16,"column":0},"end":{"line":28,"column":3}},"10":{"start":{"line":17,"column":20},"end":{"line":17,"column":38}},"11":{"start":{"line":18,"column":2},"end":{"line":18,"column":67}},"12":{"start":{"line":18,"column":13},"end":{"line":18,"column":67}},"13":{"start":{"line":20,"column":19},"end":{"line":24,"column":4}},"14":{"start":{"line":25,"column":2},"end":{"line":25,"column":24}},"15":{"start":{"line":27,"column":2},"end":{"line":27,"column":21}},"16":{"start":{"line":30,"column":0},"end":{"line":52,"column":3}},"17":{"start":{"line":31,"column":20},"end":{"line":31,"column":38}},"18":{"start":{"line":32,"column":2},"end":{"line":32,"column":67}},"19":{"start":{"line":32,"column":13},"end":{"line":32,"column":67}},"20":{"start":{"line":34,"column":19},"end":{"line":42,"column":3}},"21":{"start":{"line":44,"column":2},"end":{"line":49,"column":8}},"22":{"start":{"line":45,"column":4},"end":{"line":49,"column":8}},"23":{"start":{"line":51,"column":2},"end":{"line":51,"column":21}},"24":{"start":{"line":54,"column":0},"end":{"line":65,"column":3}},"25":{"start":{"line":55,"column":19},"end":{"line":55,"column":66}},"26":{"start":{"line":57,"column":2},"end":{"line":62,"column":8}},"27":{"start":{"line":58,"column":4},"end":{"line":62,"column":8}},"28":{"start":{"line":64,"column":2},"end":{"line":64,"column":21}},"29":{"start":{"line":67,"column":0},"end":{"line":78,"column":3}},"30":{"start":{"line":68,"column":19},"end":{"line":68,"column":57}},"31":{"start":{"line":70,"column":2},"end":{"line":75,"column":8}},"32":{"start":{"line":71,"column":4},"end":{"line":75,"column":8}},"33":{"start":{"line":77,"column":2},"end":{"line":77,"column":21}},"34":{"start":{"line":80,"column":0},"end":{"line":80,"column":24}}},"fnMap":{"0":{"name":"(anonymous_0)","decl":{"start":{"line":11,"column":16},"end":{"line":11,"column":17}},"loc":{"start":{"line":11,"column":36},"end":{"line":14,"column":1}},"line":11},"1":{"name":"(anonymous_1)","decl":{"start":{"line":16,"column":23},"end":{"line":16,"column":24}},"loc":{"start":{"line":16,"column":43},"end":{"line":28,"column":1}},"line":16},"2":{"name":"(anonymous_2)","decl":{"start":{"line":30,"column":45},"end":{"line":30,"column":46}},"loc":{"start":{"line":30,"column":65},"end":{"line":52,"column":1}},"line":30},"3":{"name":"(anonymous_3)","decl":{"start":{"line":54,"column":55},"end":{"line":54,"column":56}},"loc":{"start":{"line":54,"column":75},"end":{"line":65,"column":1}},"line":54},"4":{"name":"(anonymous_4)","decl":{"start":{"line":67,"column":37},"end":{"line":67,"column":38}},"loc":{"start":{"line":67,"column":57},"end":{"line":78,"column":1}},"line":67}},"branchMap":{"0":{"loc":{"start":{"line":18,"column":2},"end":{"line":18,"column":67}},"type":"if","locations":[{"start":{"line":18,"column":2},"end":{"line":18,"column":67}},{"start":{"line":18,"column":2},"end":{"line":18,"column":67}}],"line":18},"1":{"loc":{"start":{"line":32,"column":2},"end":{"line":32,"column":67}},"type":"if","locations":[{"start":{"line":32,"column":2},"end":{"line":32,"column":67}},{"start":{"line":32,"column":2},"end":{"line":32,"column":67}}],"line":32},"2":{"loc":{"start":{"line":44,"column":2},"end":{"line":49,"column":8}},"type":"if","locations":[{"start":{"line":44,"column":2},"end":{"line":49,"column":8}},{"start":{"line":44,"column":2},"end":{"line":49,"column":8}}],"line":44},"3":{"loc":{"start":{"line":57,"column":2},"end":{"line":62,"column":8}},"type":"if","locations":[{"start":{"line":57,"column":2},"end":{"line":62,"column":8}},{"start":{"line":57,"column":2},"end":{"line":62,"column":8}}],"line":57},"4":{"loc":{"start":{"line":70,"column":2},"end":{"line":75,"column":8}},"type":"if","locations":[{"start":{"line":70,"column":2},"end":{"line":75,"column":8}},{"start":{"line":70,"column":2},"end":{"line":75,"column":8}}],"line":70}},"s":{"0":7,"1":7,"2":7,"3":7,"4":7,"5":7,"6":7,"7":1,"8":1,"9":7,"10":6,"11":6,"12":4,"13":2,"14":2,"15":2,"16":7,"17":7,"18":7,"19":4,"20":3,"21":3,"22":1,"23":2,"24":7,"25":3,"26":3,"27":1,"28":2,"29":7,"30":2,"31":2,"32":1,"33":1,"34":7},"f":{"0":1,"1":6,"2":7,"3":3,"4":2},"b":{"0":[4,2],"1":[4,3],"2":[1,2],"3":[1,2],"4":[1,1]},"_coverageSchema":"1a1c01bbd47fc00a2c39e90264f33305004495a9","hash":"71ff600c434909a01cc654f081f184c27188774d"}
,"/home/bilush/bilush_dev/tuts_project/vidly_api/routes/genres.js": {"path":"/home/bilush/bilush_dev/tuts_project/vidly_api/routes/genres.js","statementMap":{"0":{"start":{"line":1,"column":16},"end":{"line":1,"column":34}},"1":{"start":{"line":2,"column":17},"end":{"line":2,"column":36}},"2":{"start":{"line":4,"column":15},"end":{"line":4,"column":31}},"3":{"start":{"line":6,"column":13},"end":{"line":6,"column":42}},"4":{"start":{"line":7,"column":14},"end":{"line":7,"column":44}},"5":{"start":{"line":8,"column":25},"end":{"line":8,"column":66}},"6":{"start":{"line":10,"column":28},"end":{"line":10,"column":54}},"7":{"start":{"line":12,"column":0},"end":{"line":15,"column":3}},"8":{"start":{"line":13,"column":17},"end":{"line":13,"column":48}},"9":{"start":{"line":14,"column":2},"end":{"line":14,"column":19}},"10":{"start":{"line":17,"column":0},"end":{"line":24,"column":3}},"11":{"start":{"line":18,"column":20},"end":{"line":18,"column":38}},"12":{"start":{"line":19,"column":2},"end":{"line":19,"column":67}},"13":{"start":{"line":19,"column":13},"end":{"line":19,"column":67}},"14":{"start":{"line":21,"column":16},"end":{"line":21,"column":50}},"15":{"start":{"line":22,"column":2},"end":{"line":22,"column":21}},"16":{"start":{"line":23,"column":2},"end":{"line":23,"column":18}},"17":{"start":{"line":26,"column":0},"end":{"line":41,"column":3}},"18":{"start":{"line":27,"column":20},"end":{"line":27,"column":38}},"19":{"start":{"line":28,"column":2},"end":{"line":28,"column":67}},"20":{"start":{"line":28,"column":13},"end":{"line":28,"column":67}},"21":{"start":{"line":30,"column":16},"end":{"line":34,"column":3}},"22":{"start":{"line":35,"column":2},"end":{"line":38,"column":68}},"23":{"start":{"line":36,"column":4},"end":{"line":38,"column":68}},"24":{"start":{"line":40,"column":2},"end":{"line":40,"column":18}},"25":{"start":{"line":43,"column":0},"end":{"line":51,"column":3}},"26":{"start":{"line":44,"column":16},"end":{"line":44,"column":60}},"27":{"start":{"line":45,"column":2},"end":{"line":48,"column":68}},"28":{"start":{"line":46,"column":4},"end":{"line":48,"column":68}},"29":{"start":{"line":50,"column":2},"end":{"line":50,"column":18}},"30":{"start":{"line":53,"column":0},"end":{"line":61,"column":3}},"31":{"start":{"line":54,"column":16},"end":{"line":54,"column":51}},"32":{"start":{"line":55,"column":2},"end":{"line":58,"column":68}},"33":{"start":{"line":56,"column":4},"end":{"line":58,"column":68}},"34":{"start":{"line":60,"column":2},"end":{"line":60,"column":18}},"35":{"start":{"line":63,"column":0},"end":{"line":63,"column":24}}},"fnMap":{"0":{"name":"(anonymous_0)","decl":{"start":{"line":12,"column":16},"end":{"line":12,"column":17}},"loc":{"start":{"line":12,"column":36},"end":{"line":15,"column":1}},"line":12},"1":{"name":"(anonymous_1)","decl":{"start":{"line":17,"column":23},"end":{"line":17,"column":24}},"loc":{"start":{"line":17,"column":43},"end":{"line":24,"column":1}},"line":17},"2":{"name":"(anonymous_2)","decl":{"start":{"line":26,"column":45},"end":{"line":26,"column":46}},"loc":{"start":{"line":26,"column":65},"end":{"line":41,"column":1}},"line":26},"3":{"name":"(anonymous_3)","decl":{"start":{"line":43,"column":55},"end":{"line":43,"column":56}},"loc":{"start":{"line":43,"column":75},"end":{"line":51,"column":1}},"line":43},"4":{"name":"(anonymous_4)","decl":{"start":{"line":53,"column":37},"end":{"line":53,"column":38}},"loc":{"start":{"line":53,"column":57},"end":{"line":61,"column":1}},"line":53}},"branchMap":{"0":{"loc":{"start":{"line":19,"column":2},"end":{"line":19,"column":67}},"type":"if","locations":[{"start":{"line":19,"column":2},"end":{"line":19,"column":67}},{"start":{"line":19,"column":2},"end":{"line":19,"column":67}}],"line":19},"1":{"loc":{"start":{"line":28,"column":2},"end":{"line":28,"column":67}},"type":"if","locations":[{"start":{"line":28,"column":2},"end":{"line":28,"column":67}},{"start":{"line":28,"column":2},"end":{"line":28,"column":67}}],"line":28},"2":{"loc":{"start":{"line":35,"column":2},"end":{"line":38,"column":68}},"type":"if","locations":[{"start":{"line":35,"column":2},"end":{"line":38,"column":68}},{"start":{"line":35,"column":2},"end":{"line":38,"column":68}}],"line":35},"3":{"loc":{"start":{"line":45,"column":2},"end":{"line":48,"column":68}},"type":"if","locations":[{"start":{"line":45,"column":2},"end":{"line":48,"column":68}},{"start":{"line":45,"column":2},"end":{"line":48,"column":68}}],"line":45},"4":{"loc":{"start":{"line":55,"column":2},"end":{"line":58,"column":68}},"type":"if","locations":[{"start":{"line":55,"column":2},"end":{"line":58,"column":68}},{"start":{"line":55,"column":2},"end":{"line":58,"column":68}}],"line":55}},"s":{"0":7,"1":7,"2":7,"3":7,"4":7,"5":7,"6":7,"7":7,"8":1,"9":1,"10":7,"11":5,"12":5,"13":2,"14":3,"15":3,"16":3,"17":7,"18":5,"19":5,"20":2,"21":3,"22":3,"23":1,"24":2,"25":7,"26":3,"27":3,"28":1,"29":2,"30":7,"31":2,"32":2,"33":1,"34":1,"35":7},"f":{"0":1,"1":5,"2":5,"3":3,"4":2},"b":{"0":[2,3],"1":[2,3],"2":[1,2],"3":[1,2],"4":[1,1]},"_coverageSchema":"1a1c01bbd47fc00a2c39e90264f33305004495a9","hash":"e2a14e0102d6855f6ebbfd6dacb9850e83d55b5d"}
,"/home/bilush/bilush_dev/tuts_project/vidly_api/routes/movies.js": {"path":"/home/bilush/bilush_dev/tuts_project/vidly_api/routes/movies.js","statementMap":{"0":{"start":{"line":1,"column":16},"end":{"line":1,"column":34}},"1":{"start":{"line":2,"column":15},"end":{"line":2,"column":31}},"2":{"start":{"line":4,"column":28},"end":{"line":4,"column":54}},"3":{"start":{"line":5,"column":18},"end":{"line":5,"column":44}},"4":{"start":{"line":7,"column":13},"end":{"line":7,"column":42}},"5":{"start":{"line":8,"column":14},"end":{"line":8,"column":44}},"6":{"start":{"line":9,"column":25},"end":{"line":9,"column":66}},"7":{"start":{"line":11,"column":0},"end":{"line":14,"column":3}},"8":{"start":{"line":12,"column":17},"end":{"line":12,"column":48}},"9":{"start":{"line":13,"column":2},"end":{"line":13,"column":19}},"10":{"start":{"line":16,"column":0},"end":{"line":35,"column":3}},"11":{"start":{"line":17,"column":20},"end":{"line":17,"column":38}},"12":{"start":{"line":18,"column":2},"end":{"line":18,"column":67}},"13":{"start":{"line":18,"column":13},"end":{"line":18,"column":67}},"14":{"start":{"line":20,"column":16},"end":{"line":20,"column":54}},"15":{"start":{"line":21,"column":2},"end":{"line":21,"column":60}},"16":{"start":{"line":21,"column":14},"end":{"line":21,"column":60}},"17":{"start":{"line":23,"column":16},"end":{"line":31,"column":4}},"18":{"start":{"line":32,"column":2},"end":{"line":32,"column":21}},"19":{"start":{"line":34,"column":2},"end":{"line":34,"column":18}},"20":{"start":{"line":37,"column":0},"end":{"line":64,"column":3}},"21":{"start":{"line":38,"column":20},"end":{"line":38,"column":38}},"22":{"start":{"line":39,"column":2},"end":{"line":39,"column":67}},"23":{"start":{"line":39,"column":13},"end":{"line":39,"column":67}},"24":{"start":{"line":41,"column":16},"end":{"line":41,"column":54}},"25":{"start":{"line":42,"column":2},"end":{"line":42,"column":60}},"26":{"start":{"line":42,"column":14},"end":{"line":42,"column":60}},"27":{"start":{"line":44,"column":16},"end":{"line":56,"column":3}},"28":{"start":{"line":58,"column":2},"end":{"line":61,"column":78}},"29":{"start":{"line":59,"column":4},"end":{"line":61,"column":78}},"30":{"start":{"line":63,"column":2},"end":{"line":63,"column":18}},"31":{"start":{"line":66,"column":0},"end":{"line":75,"column":3}},"32":{"start":{"line":67,"column":16},"end":{"line":67,"column":60}},"33":{"start":{"line":69,"column":2},"end":{"line":72,"column":78}},"34":{"start":{"line":70,"column":4},"end":{"line":72,"column":78}},"35":{"start":{"line":74,"column":2},"end":{"line":74,"column":18}},"36":{"start":{"line":77,"column":0},"end":{"line":86,"column":3}},"37":{"start":{"line":78,"column":16},"end":{"line":78,"column":51}},"38":{"start":{"line":80,"column":2},"end":{"line":83,"column":78}},"39":{"start":{"line":81,"column":4},"end":{"line":83,"column":78}},"40":{"start":{"line":85,"column":2},"end":{"line":85,"column":18}},"41":{"start":{"line":88,"column":0},"end":{"line":88,"column":24}}},"fnMap":{"0":{"name":"(anonymous_0)","decl":{"start":{"line":11,"column":16},"end":{"line":11,"column":17}},"loc":{"start":{"line":11,"column":36},"end":{"line":14,"column":1}},"line":11},"1":{"name":"(anonymous_1)","decl":{"start":{"line":16,"column":23},"end":{"line":16,"column":24}},"loc":{"start":{"line":16,"column":43},"end":{"line":35,"column":1}},"line":16},"2":{"name":"(anonymous_2)","decl":{"start":{"line":37,"column":45},"end":{"line":37,"column":46}},"loc":{"start":{"line":37,"column":65},"end":{"line":64,"column":1}},"line":37},"3":{"name":"(anonymous_3)","decl":{"start":{"line":66,"column":55},"end":{"line":66,"column":56}},"loc":{"start":{"line":66,"column":75},"end":{"line":75,"column":1}},"line":66},"4":{"name":"(anonymous_4)","decl":{"start":{"line":77,"column":37},"end":{"line":77,"column":38}},"loc":{"start":{"line":77,"column":57},"end":{"line":86,"column":1}},"line":77}},"branchMap":{"0":{"loc":{"start":{"line":18,"column":2},"end":{"line":18,"column":67}},"type":"if","locations":[{"start":{"line":18,"column":2},"end":{"line":18,"column":67}},{"start":{"line":18,"column":2},"end":{"line":18,"column":67}}],"line":18},"1":{"loc":{"start":{"line":21,"column":2},"end":{"line":21,"column":60}},"type":"if","locations":[{"start":{"line":21,"column":2},"end":{"line":21,"column":60}},{"start":{"line":21,"column":2},"end":{"line":21,"column":60}}],"line":21},"2":{"loc":{"start":{"line":39,"column":2},"end":{"line":39,"column":67}},"type":"if","locations":[{"start":{"line":39,"column":2},"end":{"line":39,"column":67}},{"start":{"line":39,"column":2},"end":{"line":39,"column":67}}],"line":39},"3":{"loc":{"start":{"line":42,"column":2},"end":{"line":42,"column":60}},"type":"if","locations":[{"start":{"line":42,"column":2},"end":{"line":42,"column":60}},{"start":{"line":42,"column":2},"end":{"line":42,"column":60}}],"line":42},"4":{"loc":{"start":{"line":58,"column":2},"end":{"line":61,"column":78}},"type":"if","locations":[{"start":{"line":58,"column":2},"end":{"line":61,"column":78}},{"start":{"line":58,"column":2},"end":{"line":61,"column":78}}],"line":58},"5":{"loc":{"start":{"line":69,"column":2},"end":{"line":72,"column":78}},"type":"if","locations":[{"start":{"line":69,"column":2},"end":{"line":72,"column":78}},{"start":{"line":69,"column":2},"end":{"line":72,"column":78}}],"line":69},"6":{"loc":{"start":{"line":80,"column":2},"end":{"line":83,"column":78}},"type":"if","locations":[{"start":{"line":80,"column":2},"end":{"line":83,"column":78}},{"start":{"line":80,"column":2},"end":{"line":83,"column":78}}],"line":80}},"s":{"0":7,"1":7,"2":7,"3":7,"4":7,"5":7,"6":7,"7":7,"8":1,"9":1,"10":7,"11":9,"12":9,"13":6,"14":3,"15":3,"16":1,"17":2,"18":2,"19":2,"20":7,"21":11,"22":11,"23":7,"24":4,"25":4,"26":1,"27":3,"28":3,"29":1,"30":2,"31":7,"32":3,"33":3,"34":1,"35":2,"36":7,"37":2,"38":2,"39":1,"40":1,"41":7},"f":{"0":1,"1":9,"2":11,"3":3,"4":2},"b":{"0":[6,3],"1":[1,2],"2":[7,4],"3":[1,3],"4":[1,2],"5":[1,2],"6":[1,1]},"_coverageSchema":"1a1c01bbd47fc00a2c39e90264f33305004495a9","hash":"718451d67cde116a3d415d3318aafa575d516c74"}
,"/home/bilush/bilush_dev/tuts_project/vidly_api/routes/rentals.js": {"path":"/home/bilush/bilush_dev/tuts_project/vidly_api/routes/rentals.js","statementMap":{"0":{"start":{"line":1,"column":16},"end":{"line":1,"column":34}},"1":{"start":{"line":2,"column":17},"end":{"line":2,"column":36}},"2":{"start":{"line":3,"column":13},"end":{"line":3,"column":28}},"3":{"start":{"line":4,"column":15},"end":{"line":4,"column":31}},"4":{"start":{"line":6,"column":0},"end":{"line":6,"column":20}},"5":{"start":{"line":8,"column":29},"end":{"line":8,"column":56}},"6":{"start":{"line":9,"column":18},"end":{"line":9,"column":44}},"7":{"start":{"line":10,"column":21},"end":{"line":10,"column":50}},"8":{"start":{"line":11,"column":13},"end":{"line":11,"column":42}},"9":{"start":{"line":12,"column":13},"end":{"line":12,"column":28}},"10":{"start":{"line":14,"column":0},"end":{"line":17,"column":3}},"11":{"start":{"line":15,"column":18},"end":{"line":15,"column":54}},"12":{"start":{"line":16,"column":2},"end":{"line":16,"column":20}},"13":{"start":{"line":19,"column":0},"end":{"line":55,"column":3}},"14":{"start":{"line":20,"column":20},"end":{"line":20,"column":38}},"15":{"start":{"line":21,"column":2},"end":{"line":21,"column":67}},"16":{"start":{"line":21,"column":13},"end":{"line":21,"column":67}},"17":{"start":{"line":23,"column":19},"end":{"line":23,"column":63}},"18":{"start":{"line":24,"column":2},"end":{"line":24,"column":66}},"19":{"start":{"line":24,"column":17},"end":{"line":24,"column":66}},"20":{"start":{"line":26,"column":16},"end":{"line":26,"column":54}},"21":{"start":{"line":27,"column":2},"end":{"line":27,"column":60}},"22":{"start":{"line":27,"column":14},"end":{"line":27,"column":60}},"23":{"start":{"line":29,"column":2},"end":{"line":30,"column":55}},"24":{"start":{"line":30,"column":4},"end":{"line":30,"column":55}},"25":{"start":{"line":32,"column":15},"end":{"line":43,"column":4}},"26":{"start":{"line":45,"column":2},"end":{"line":54,"column":3}},"27":{"start":{"line":46,"column":4},"end":{"line":49,"column":13}},"28":{"start":{"line":51,"column":4},"end":{"line":51,"column":21}},"29":{"start":{"line":53,"column":4},"end":{"line":53,"column":45}},"30":{"start":{"line":57,"column":0},"end":{"line":66,"column":3}},"31":{"start":{"line":58,"column":17},"end":{"line":58,"column":53}},"32":{"start":{"line":60,"column":2},"end":{"line":63,"column":79}},"33":{"start":{"line":61,"column":4},"end":{"line":63,"column":79}},"34":{"start":{"line":65,"column":2},"end":{"line":65,"column":19}},"35":{"start":{"line":68,"column":0},"end":{"line":68,"column":24}}},"fnMap":{"0":{"name":"(anonymous_0)","decl":{"start":{"line":14,"column":16},"end":{"line":14,"column":17}},"loc":{"start":{"line":14,"column":36},"end":{"line":17,"column":1}},"line":14},"1":{"name":"(anonymous_1)","decl":{"start":{"line":19,"column":23},"end":{"line":19,"column":24}},"loc":{"start":{"line":19,"column":43},"end":{"line":55,"column":1}},"line":19},"2":{"name":"(anonymous_2)","decl":{"start":{"line":57,"column":19},"end":{"line":57,"column":20}},"loc":{"start":{"line":57,"column":39},"end":{"line":66,"column":1}},"line":57}},"branchMap":{"0":{"loc":{"start":{"line":21,"column":2},"end":{"line":21,"column":67}},"type":"if","locations":[{"start":{"line":21,"column":2},"end":{"line":21,"column":67}},{"start":{"line":21,"column":2},"end":{"line":21,"column":67}}],"line":21},"1":{"loc":{"start":{"line":24,"column":2},"end":{"line":24,"column":66}},"type":"if","locations":[{"start":{"line":24,"column":2},"end":{"line":24,"column":66}},{"start":{"line":24,"column":2},"end":{"line":24,"column":66}}],"line":24},"2":{"loc":{"start":{"line":27,"column":2},"end":{"line":27,"column":60}},"type":"if","locations":[{"start":{"line":27,"column":2},"end":{"line":27,"column":60}},{"start":{"line":27,"column":2},"end":{"line":27,"column":60}}],"line":27},"3":{"loc":{"start":{"line":29,"column":2},"end":{"line":30,"column":55}},"type":"if","locations":[{"start":{"line":29,"column":2},"end":{"line":30,"column":55}},{"start":{"line":29,"column":2},"end":{"line":30,"column":55}}],"line":29},"4":{"loc":{"start":{"line":60,"column":2},"end":{"line":63,"column":79}},"type":"if","locations":[{"start":{"line":60,"column":2},"end":{"line":63,"column":79}},{"start":{"line":60,"column":2},"end":{"line":63,"column":79}}],"line":60}},"s":{"0":7,"1":7,"2":7,"3":7,"4":7,"5":7,"6":7,"7":7,"8":7,"9":7,"10":7,"11":1,"12":1,"13":7,"14":6,"15":6,"16":2,"17":4,"18":4,"19":1,"20":3,"21":3,"22":1,"23":2,"24":1,"25":1,"26":1,"27":1,"28":1,"29":0,"30":7,"31":2,"32":2,"33":1,"34":1,"35":7},"f":{"0":1,"1":6,"2":2},"b":{"0":[2,4],"1":[1,3],"2":[1,2],"3":[1,1],"4":[1,1]},"_coverageSchema":"1a1c01bbd47fc00a2c39e90264f33305004495a9","hash":"f1aee15927ab1bc3e981dc7089b624f413cf8c8c"}
,"/home/bilush/bilush_dev/tuts_project/vidly_api/routes/returns.js": {"path":"/home/bilush/bilush_dev/tuts_project/vidly_api/routes/returns.js","statementMap":{"0":{"start":{"line":1,"column":16},"end":{"line":1,"column":34}},"1":{"start":{"line":2,"column":12},"end":{"line":2,"column":26}},"2":{"start":{"line":4,"column":15},"end":{"line":4,"column":31}},"3":{"start":{"line":6,"column":19},"end":{"line":6,"column":46}},"4":{"start":{"line":7,"column":18},"end":{"line":7,"column":44}},"5":{"start":{"line":9,"column":13},"end":{"line":9,"column":42}},"6":{"start":{"line":10,"column":17},"end":{"line":10,"column":50}},"7":{"start":{"line":12,"column":0},"end":{"line":31,"column":3}},"8":{"start":{"line":13,"column":17},"end":{"line":13,"column":75}},"9":{"start":{"line":15,"column":2},"end":{"line":15,"column":64}},"10":{"start":{"line":15,"column":15},"end":{"line":15,"column":64}},"11":{"start":{"line":17,"column":2},"end":{"line":18,"column":61}},"12":{"start":{"line":18,"column":4},"end":{"line":18,"column":61}},"13":{"start":{"line":20,"column":2},"end":{"line":20,"column":18}},"14":{"start":{"line":21,"column":2},"end":{"line":21,"column":22}},"15":{"start":{"line":23,"column":2},"end":{"line":28,"column":4}},"16":{"start":{"line":30,"column":2},"end":{"line":30,"column":19}},"17":{"start":{"line":34,"column":17},"end":{"line":37,"column":4}},"18":{"start":{"line":39,"column":2},"end":{"line":39,"column":30}},"19":{"start":{"line":42,"column":0},"end":{"line":42,"column":24}}},"fnMap":{"0":{"name":"(anonymous_0)","decl":{"start":{"line":12,"column":51},"end":{"line":12,"column":52}},"loc":{"start":{"line":12,"column":77},"end":{"line":31,"column":1}},"line":12},"1":{"name":"validateReturn","decl":{"start":{"line":33,"column":9},"end":{"line":33,"column":23}},"loc":{"start":{"line":33,"column":29},"end":{"line":40,"column":1}},"line":33}},"branchMap":{"0":{"loc":{"start":{"line":15,"column":2},"end":{"line":15,"column":64}},"type":"if","locations":[{"start":{"line":15,"column":2},"end":{"line":15,"column":64}},{"start":{"line":15,"column":2},"end":{"line":15,"column":64}}],"line":15},"1":{"loc":{"start":{"line":17,"column":2},"end":{"line":18,"column":61}},"type":"if","locations":[{"start":{"line":17,"column":2},"end":{"line":18,"column":61}},{"start":{"line":17,"column":2},"end":{"line":18,"column":61}}],"line":17}},"s":{"0":7,"1":7,"2":7,"3":7,"4":7,"5":7,"6":7,"7":7,"8":7,"9":7,"10":1,"11":6,"12":1,"13":5,"14":5,"15":5,"16":5,"17":9,"18":9,"19":7},"f":{"0":7,"1":9},"b":{"0":[1,6],"1":[1,5]},"_coverageSchema":"1a1c01bbd47fc00a2c39e90264f33305004495a9","hash":"19ca18a7262f196d2ac24702a0275769bfa01bed"}
,"/home/bilush/bilush_dev/tuts_project/vidly_api/routes/users.js": {"path":"/home/bilush/bilush_dev/tuts_project/vidly_api/routes/users.js","statementMap":{"0":{"start":{"line":1,"column":16},"end":{"line":1,"column":34}},"1":{"start":{"line":2,"column":10},"end":{"line":2,"column":27}},"2":{"start":{"line":3,"column":15},"end":{"line":3,"column":32}},"3":{"start":{"line":4,"column":15},"end":{"line":4,"column":31}},"4":{"start":{"line":6,"column":13},"end":{"line":6,"column":42}},"5":{"start":{"line":7,"column":27},"end":{"line":7,"column":52}},"6":{"start":{"line":9,"column":0},"end":{"line":12,"column":3}},"7":{"start":{"line":10,"column":15},"end":{"line":10,"column":48}},"8":{"start":{"line":11,"column":2},"end":{"line":11,"column":17}},"9":{"start":{"line":14,"column":0},"end":{"line":32,"column":3}},"10":{"start":{"line":15,"column":20},"end":{"line":15,"column":38}},"11":{"start":{"line":16,"column":2},"end":{"line":16,"column":67}},"12":{"start":{"line":16,"column":13},"end":{"line":16,"column":67}},"13":{"start":{"line":18,"column":13},"end":{"line":18,"column":58}},"14":{"start":{"line":19,"column":2},"end":{"line":19,"column":65}},"15":{"start":{"line":19,"column":12},"end":{"line":19,"column":65}},"16":{"start":{"line":21,"column":2},"end":{"line":21,"column":67}},"17":{"start":{"line":22,"column":15},"end":{"line":22,"column":39}},"18":{"start":{"line":23,"column":2},"end":{"line":23,"column":57}},"19":{"start":{"line":25,"column":2},"end":{"line":25,"column":20}},"20":{"start":{"line":27,"column":16},"end":{"line":27,"column":40}},"21":{"start":{"line":29,"column":2},"end":{"line":31,"column":50}},"22":{"start":{"line":34,"column":0},"end":{"line":34,"column":24}}},"fnMap":{"0":{"name":"(anonymous_0)","decl":{"start":{"line":9,"column":24},"end":{"line":9,"column":25}},"loc":{"start":{"line":9,"column":44},"end":{"line":12,"column":1}},"line":9},"1":{"name":"(anonymous_1)","decl":{"start":{"line":14,"column":17},"end":{"line":14,"column":18}},"loc":{"start":{"line":14,"column":37},"end":{"line":32,"column":1}},"line":14}},"branchMap":{"0":{"loc":{"start":{"line":16,"column":2},"end":{"line":16,"column":67}},"type":"if","locations":[{"start":{"line":16,"column":2},"end":{"line":16,"column":67}},{"start":{"line":16,"column":2},"end":{"line":16,"column":67}}],"line":16},"1":{"loc":{"start":{"line":19,"column":2},"end":{"line":19,"column":65}},"type":"if","locations":[{"start":{"line":19,"column":2},"end":{"line":19,"column":65}},{"start":{"line":19,"column":2},"end":{"line":19,"column":65}}],"line":19}},"s":{"0":7,"1":7,"2":7,"3":7,"4":7,"5":7,"6":7,"7":1,"8":1,"9":7,"10":3,"11":3,"12":1,"13":2,"14":2,"15":1,"16":1,"17":1,"18":1,"19":1,"20":1,"21":1,"22":7},"f":{"0":1,"1":3},"b":{"0":[1,2],"1":[1,1]},"_coverageSchema":"1a1c01bbd47fc00a2c39e90264f33305004495a9","hash":"06431ede254a66d8cb1e751094906d25353885e2"}
,"/home/bilush/bilush_dev/tuts_project/vidly_api/startup/config.js": {"path":"/home/bilush/bilush_dev/tuts_project/vidly_api/startup/config.js","statementMap":{"0":{"start":{"line":1,"column":15},"end":{"line":1,"column":32}},"1":{"start":{"line":3,"column":0},"end":{"line":7,"column":2}},"2":{"start":{"line":4,"column":2},"end":{"line":6,"column":3}},"3":{"start":{"line":5,"column":4},"end":{"line":5,"column":65}}},"fnMap":{"0":{"name":"(anonymous_0)","decl":{"start":{"line":3,"column":17},"end":{"line":3,"column":18}},"loc":{"start":{"line":3,"column":29},"end":{"line":7,"column":1}},"line":3}},"branchMap":{"0":{"loc":{"start":{"line":4,"column":2},"end":{"line":6,"column":3}},"type":"if","locations":[{"start":{"line":4,"column":2},"end":{"line":6,"column":3}},{"start":{"line":4,"column":2},"end":{"line":6,"column":3}}],"line":4}},"s":{"0":7,"1":7,"2":7,"3":0},"f":{"0":7},"b":{"0":[0,7]},"_coverageSchema":"1a1c01bbd47fc00a2c39e90264f33305004495a9","hash":"5715a7e324bec6cf173841de1cda19d94714de7b"}
,"/home/bilush/bilush_dev/tuts_project/vidly_api/startup/db.js": {"path":"/home/bilush/bilush_dev/tuts_project/vidly_api/startup/db.js","statementMap":{"0":{"start":{"line":1,"column":17},"end":{"line":1,"column":36}},"1":{"start":{"line":2,"column":16},"end":{"line":2,"column":34}},"2":{"start":{"line":3,"column":15},"end":{"line":3,"column":32}},"3":{"start":{"line":5,"column":0},"end":{"line":15,"column":2}},"4":{"start":{"line":6,"column":13},"end":{"line":6,"column":29}},"5":{"start":{"line":7,"column":2},"end":{"line":14,"column":55}},"6":{"start":{"line":14,"column":16},"end":{"line":14,"column":53}}},"fnMap":{"0":{"name":"(anonymous_0)","decl":{"start":{"line":5,"column":17},"end":{"line":5,"column":18}},"loc":{"start":{"line":5,"column":29},"end":{"line":15,"column":1}},"line":5},"1":{"name":"(anonymous_1)","decl":{"start":{"line":14,"column":10},"end":{"line":14,"column":11}},"loc":{"start":{"line":14,"column":16},"end":{"line":14,"column":53}},"line":14}},"branchMap":{},"s":{"0":7,"1":7,"2":7,"3":7,"4":7,"5":7,"6":7},"f":{"0":7,"1":7},"b":{},"_coverageSchema":"1a1c01bbd47fc00a2c39e90264f33305004495a9","hash":"2e047b21bb14c5d049e714c7caa8435ed21cefa9"}
,"/home/bilush/bilush_dev/tuts_project/vidly_api/startup/logging.js": {"path":"/home/bilush/bilush_dev/tuts_project/vidly_api/startup/logging.js","statementMap":{"0":{"start":{"line":1,"column":0},"end":{"line":1,"column":32}},"1":{"start":{"line":2,"column":16},"end":{"line":2,"column":34}},"2":{"start":{"line":3,"column":0},"end":{"line":3,"column":27}},"3":{"start":{"line":5,"column":0},"end":{"line":37,"column":2}},"4":{"start":{"line":6,"column":2},"end":{"line":8,"column":4}},"5":{"start":{"line":10,"column":2},"end":{"line":12,"column":5}},"6":{"start":{"line":11,"column":4},"end":{"line":11,"column":13}},"7":{"start":{"line":14,"column":2},"end":{"line":18,"column":4}},"8":{"start":{"line":19,"column":2},"end":{"line":27,"column":4}},"9":{"start":{"line":28,"column":2},"end":{"line":36,"column":4}}},"fnMap":{"0":{"name":"(anonymous_0)","decl":{"start":{"line":5,"column":17},"end":{"line":5,"column":18}},"loc":{"start":{"line":5,"column":29},"end":{"line":37,"column":1}},"line":5},"1":{"name":"(anonymous_1)","decl":{"start":{"line":10,"column":35},"end":{"line":10,"column":36}},"loc":{"start":{"line":10,"column":43},"end":{"line":12,"column":3}},"line":10}},"branchMap":{},"s":{"0":7,"1":7,"2":7,"3":7,"4":7,"5":7,"6":0,"7":7,"8":7,"9":7},"f":{"0":7,"1":0},"b":{},"_coverageSchema":"1a1c01bbd47fc00a2c39e90264f33305004495a9","hash":"a927bd6aaf154f72c86bf07b0ac3436bc90f1f5c"}
,"/home/bilush/bilush_dev/tuts_project/vidly_api/startup/routes.js": {"path":"/home/bilush/bilush_dev/tuts_project/vidly_api/startup/routes.js","statementMap":{"0":{"start":{"line":1,"column":16},"end":{"line":1,"column":34}},"1":{"start":{"line":2,"column":15},"end":{"line":2,"column":42}},"2":{"start":{"line":3,"column":18},"end":{"line":3,"column":48}},"3":{"start":{"line":4,"column":15},"end":{"line":4,"column":42}},"4":{"start":{"line":5,"column":16},"end":{"line":5,"column":44}},"5":{"start":{"line":6,"column":16},"end":{"line":6,"column":44}},"6":{"start":{"line":7,"column":14},"end":{"line":7,"column":40}},"7":{"start":{"line":8,"column":13},"end":{"line":8,"column":38}},"8":{"start":{"line":9,"column":14},"end":{"line":9,"column":44}},"9":{"start":{"line":11,"column":0},"end":{"line":21,"column":2}},"10":{"start":{"line":12,"column":2},"end":{"line":12,"column":26}},"11":{"start":{"line":13,"column":2},"end":{"line":13,"column":33}},"12":{"start":{"line":14,"column":2},"end":{"line":14,"column":39}},"13":{"start":{"line":15,"column":2},"end":{"line":15,"column":33}},"14":{"start":{"line":16,"column":2},"end":{"line":16,"column":35}},"15":{"start":{"line":17,"column":2},"end":{"line":17,"column":35}},"16":{"start":{"line":18,"column":2},"end":{"line":18,"column":31}},"17":{"start":{"line":19,"column":2},"end":{"line":19,"column":29}},"18":{"start":{"line":20,"column":2},"end":{"line":20,"column":17}}},"fnMap":{"0":{"name":"(anonymous_0)","decl":{"start":{"line":11,"column":17},"end":{"line":11,"column":18}},"loc":{"start":{"line":11,"column":32},"end":{"line":21,"column":1}},"line":11}},"branchMap":{},"s":{"0":7,"1":7,"2":7,"3":7,"4":7,"5":7,"6":7,"7":7,"8":7,"9":7,"10":7,"11":7,"12":7,"13":7,"14":7,"15":7,"16":7,"17":7,"18":7},"f":{"0":7},"b":{},"_coverageSchema":"1a1c01bbd47fc00a2c39e90264f33305004495a9","hash":"f5ecd363953cd4c38e449f7f2403c0a00b14de94"}
,"/home/bilush/bilush_dev/tuts_project/vidly_api/startup/validation.js": {"path":"/home/bilush/bilush_dev/tuts_project/vidly_api/startup/validation.js","statementMap":{"0":{"start":{"line":1,"column":12},"end":{"line":1,"column":26}},"1":{"start":{"line":3,"column":0},"end":{"line":5,"column":2}},"2":{"start":{"line":4,"column":2},"end":{"line":4,"column":46}}},"fnMap":{"0":{"name":"(anonymous_0)","decl":{"start":{"line":3,"column":17},"end":{"line":3,"column":18}},"loc":{"start":{"line":3,"column":29},"end":{"line":5,"column":1}},"line":3}},"branchMap":{},"s":{"0":7,"1":7,"2":7},"f":{"0":7},"b":{},"_coverageSchema":"1a1c01bbd47fc00a2c39e90264f33305004495a9","hash":"683cbe071a3f38f9e705faa1c9076cbaa5c8b6da"}
}
