TN:
SF:index.js
FN:12,(anonymous_0)
FNF:1
FNH:1
FNDA:7,(anonymous_0)
DA:1,7
DA:2,7
DA:3,7
DA:5,7
DA:6,7
DA:7,7
DA:8,7
DA:9,7
DA:11,7
DA:12,7
DA:13,7
DA:16,7
LF:12
LH:12
BRDA:11,0,0,7
BRDA:11,0,1,7
BRF:2
BRH:2
end_of_record
TN:
SF:middleware/admin.js
FN:1,(anonymous_0)
FNF:1
FNH:1
FNDA:15,(anonymous_0)
DA:1,7
DA:2,15
DA:3,12
LF:3
LH:3
BRDA:2,0,0,3
BRDA:2,0,1,12
BRF:2
BRH:2
end_of_record
TN:
SF:middleware/auth.js
FN:4,(anonymous_0)
FNF:1
FNH:1
FNDA:92,(anonymous_0)
DA:1,8
DA:2,8
DA:4,8
DA:5,92
DA:6,92
DA:8,79
DA:9,79
DA:10,78
DA:11,78
DA:13,1
LF:10
LH:10
BRDA:6,0,0,13
BRDA:6,0,1,79
BRF:2
BRH:2
end_of_record
TN:
SF:middleware/error.js
FN:3,(anonymous_0)
FNF:1
FNH:0
FNDA:0,(anonymous_0)
DA:1,7
DA:3,7
DA:4,0
DA:6,0
DA:7,0
LF:5
LH:2
BRF:0
BRH:0
end_of_record
TN:
SF:middleware/validate.js
FN:1,(anonymous_0)
FN:2,(anonymous_1)
FNF:2
FNH:2
FNDA:7,(anonymous_0)
FNDA:9,(anonymous_1)
DA:1,7
DA:2,7
DA:3,9
DA:4,9
DA:5,7
LF:5
LH:5
BRDA:4,0,0,2
BRDA:4,0,1,7
BRF:2
BRH:2
end_of_record
TN:
SF:middleware/validateObjectId.js
FN:3,(anonymous_0)
FNF:1
FNH:1
FNDA:47,(anonymous_0)
DA:1,7
DA:3,7
DA:4,47
DA:5,9
DA:7,38
LF:5
LH:5
BRDA:4,0,0,9
BRDA:4,0,1,38
BRF:2
BRH:2
end_of_record
TN:
SF:models/customer.js
FN:26,validateCustomer
FNF:1
FNH:1
FNDA:13,validateCustomer
DA:1,7
DA:2,7
DA:4,7
DA:27,13
DA:33,13
DA:36,7
DA:37,7
LF:7
LH:7
BRF:0
BRH:0
end_of_record
TN:
SF:models/genre.js
FN:15,validateGenre
FNF:1
FNH:1
FNDA:10,validateGenre
DA:1,7
DA:2,7
DA:4,7
DA:13,7
DA:16,10
DA:20,10
DA:23,7
DA:24,7
DA:25,7
LF:9
LH:9
BRF:0
BRH:0
end_of_record
TN:
SF:models/movie.js
FN:34,validateMovie
FNF:1
FNH:1
FNDA:20,validateMovie
DA:1,7
DA:2,7
DA:3,7
DA:5,7
DA:35,20
DA:42,20
DA:45,7
DA:46,7
LF:8
LH:8
BRF:0
BRH:0
end_of_record
TN:
SF:models/rental.js
FN:59,(anonymous_0)
FN:66,(anonymous_1)
FN:75,validateRental
FNF:3
FNH:3
FNDA:7,(anonymous_0)
FNDA:5,(anonymous_1)
FNDA:6,validateRental
DA:1,7
DA:2,7
DA:3,7
DA:5,7
DA:59,7
DA:60,7
DA:66,7
DA:67,5
DA:69,5
DA:70,5
DA:73,7
DA:76,6
DA:81,6
DA:84,7
DA:85,7
LF:15
LH:15
BRF:0
BRH:0
end_of_record
TN:
SF:models/user.js
FN:29,(anonymous_0)
FN:39,validateUser
FNF:2
FNH:2
FNDA:97,(anonymous_0)
FNDA:3,validateUser
DA:1,9
DA:2,9
DA:3,9
DA:4,9
DA:6,9
DA:29,9
DA:30,97
DA:34,97
DA:37,9
DA:40,3
DA:46,3
DA:49,9
DA:50,9
DA:51,9
LF:14
LH:14
BRF:0
BRH:0
end_of_record
TN:
SF:routes/auth.js
FN:10,(anonymous_0)
FN:24,validate
FNF:2
FNH:2
FNDA:2,(anonymous_0)
FNDA:2,validate
DA:1,7
DA:2,7
DA:3,7
DA:4,7
DA:5,7
DA:6,7
DA:8,7
DA:10,7
DA:11,2
DA:12,2
DA:14,1
DA:15,1
DA:17,1
DA:18,1
DA:20,0
DA:21,0
DA:25,2
DA:30,2
DA:33,7
LF:19
LH:17
BRDA:12,0,0,1
BRDA:12,0,1,1
BRDA:15,1,0,0
BRDA:15,1,1,1
BRDA:18,2,0,1
BRDA:18,2,1,0
BRF:6
BRH:4
end_of_record
TN:
SF:routes/customers.js
FN:11,(anonymous_0)
FN:16,(anonymous_1)
FN:30,(anonymous_2)
FN:54,(anonymous_3)
FN:67,(anonymous_4)
FNF:5
FNH:5
FNDA:1,(anonymous_0)
FNDA:6,(anonymous_1)
FNDA:7,(anonymous_2)
FNDA:3,(anonymous_3)
FNDA:2,(anonymous_4)
DA:1,7
DA:3,7
DA:5,7
DA:6,7
DA:7,7
DA:9,7
DA:11,7
DA:12,1
DA:13,1
DA:16,7
DA:17,6
DA:18,6
DA:20,2
DA:25,2
DA:27,2
DA:30,7
DA:31,7
DA:32,7
DA:34,3
DA:44,3
DA:45,1
DA:51,2
DA:54,7
DA:55,3
DA:57,3
DA:58,1
DA:64,2
DA:67,7
DA:68,2
DA:70,2
DA:71,1
DA:77,1
DA:80,7
LF:33
LH:33
BRDA:18,0,0,4
BRDA:18,0,1,2
BRDA:32,1,0,4
BRDA:32,1,1,3
BRDA:44,2,0,1
BRDA:44,2,1,2
BRDA:57,3,0,1
BRDA:57,3,1,2
BRDA:70,4,0,1
BRDA:70,4,1,1
BRF:10
BRH:10
end_of_record
TN:
SF:routes/genres.js
FN:12,(anonymous_0)
FN:17,(anonymous_1)
FN:26,(anonymous_2)
FN:43,(anonymous_3)
FN:53,(anonymous_4)
FNF:5
FNH:5
FNDA:1,(anonymous_0)
FNDA:5,(anonymous_1)
FNDA:5,(anonymous_2)
FNDA:3,(anonymous_3)
FNDA:2,(anonymous_4)
DA:1,7
DA:2,7
DA:4,7
DA:6,7
DA:7,7
DA:8,7
DA:10,7
DA:12,7
DA:13,1
DA:14,1
DA:17,7
DA:18,5
DA:19,5
DA:21,3
DA:22,3
DA:23,3
DA:26,7
DA:27,5
DA:28,5
DA:30,3
DA:35,3
DA:36,1
DA:40,2
DA:43,7
DA:44,3
DA:45,3
DA:46,1
DA:50,2
DA:53,7
DA:54,2
DA:55,2
DA:56,1
DA:60,1
DA:63,7
LF:34
LH:34
BRDA:19,0,0,2
BRDA:19,0,1,3
BRDA:28,1,0,2
BRDA:28,1,1,3
BRDA:35,2,0,1
BRDA:35,2,1,2
BRDA:45,3,0,1
BRDA:45,3,1,2
BRDA:55,4,0,1
BRDA:55,4,1,1
BRF:10
BRH:10
end_of_record
TN:
SF:routes/movies.js
FN:11,(anonymous_0)
FN:16,(anonymous_1)
FN:37,(anonymous_2)
FN:66,(anonymous_3)
FN:77,(anonymous_4)
FNF:5
FNH:5
FNDA:1,(anonymous_0)
FNDA:9,(anonymous_1)
FNDA:11,(anonymous_2)
FNDA:3,(anonymous_3)
FNDA:2,(anonymous_4)
DA:1,7
DA:2,7
DA:4,7
DA:5,7
DA:7,7
DA:8,7
DA:9,7
DA:11,7
DA:12,1
DA:13,1
DA:16,7
DA:17,9
DA:18,9
DA:20,3
DA:21,3
DA:23,2
DA:32,2
DA:34,2
DA:37,7
DA:38,11
DA:39,11
DA:41,4
DA:42,4
DA:44,3
DA:58,3
DA:59,1
DA:63,2
DA:66,7
DA:67,3
DA:69,3
DA:70,1
DA:74,2
DA:77,7
DA:78,2
DA:80,2
DA:81,1
DA:85,1
DA:88,7
LF:38
LH:38
BRDA:18,0,0,6
BRDA:18,0,1,3
BRDA:21,1,0,1
BRDA:21,1,1,2
BRDA:39,2,0,7
BRDA:39,2,1,4
BRDA:42,3,0,1
BRDA:42,3,1,3
BRDA:58,4,0,1
BRDA:58,4,1,2
BRDA:69,5,0,1
BRDA:69,5,1,2
BRDA:80,6,0,1
BRDA:80,6,1,1
BRF:14
BRH:14
end_of_record
TN:
SF:routes/rentals.js
FN:14,(anonymous_0)
FN:19,(anonymous_1)
FN:57,(anonymous_2)
FNF:3
FNH:3
FNDA:1,(anonymous_0)
FNDA:6,(anonymous_1)
FNDA:2,(anonymous_2)
DA:1,7
DA:2,7
DA:3,7
DA:4,7
DA:6,7
DA:8,7
DA:9,7
DA:10,7
DA:11,7
DA:12,7
DA:14,7
DA:15,1
DA:16,1
DA:19,7
DA:20,6
DA:21,6
DA:23,4
DA:24,4
DA:26,3
DA:27,3
DA:29,2
DA:30,1
DA:32,1
DA:45,1
DA:46,1
DA:51,1
DA:53,0
DA:57,7
DA:58,2
DA:60,2
DA:61,1
DA:65,1
DA:68,7
LF:33
LH:32
BRDA:21,0,0,2
BRDA:21,0,1,4
BRDA:24,1,0,1
BRDA:24,1,1,3
BRDA:27,2,0,1
BRDA:27,2,1,2
BRDA:29,3,0,1
BRDA:29,3,1,1
BRDA:60,4,0,1
BRDA:60,4,1,1
BRF:10
BRH:10
end_of_record
TN:
SF:routes/returns.js
FN:12,(anonymous_0)
FN:33,validateReturn
FNF:2
FNH:2
FNDA:7,(anonymous_0)
FNDA:9,validateReturn
DA:1,7
DA:2,7
DA:4,7
DA:6,7
DA:7,7
DA:9,7
DA:10,7
DA:12,7
DA:13,7
DA:15,7
DA:17,6
DA:18,1
DA:20,5
DA:21,5
DA:23,5
DA:30,5
DA:34,9
DA:39,9
DA:42,7
LF:19
LH:19
BRDA:15,0,0,1
BRDA:15,0,1,6
BRDA:17,1,0,1
BRDA:17,1,1,5
BRF:4
BRH:4
end_of_record
TN:
SF:routes/users.js
FN:9,(anonymous_0)
FN:14,(anonymous_1)
FNF:2
FNH:2
FNDA:1,(anonymous_0)
FNDA:3,(anonymous_1)
DA:1,7
DA:2,7
DA:3,7
DA:4,7
DA:6,7
DA:7,7
DA:9,7
DA:10,1
DA:11,1
DA:14,7
DA:15,3
DA:16,3
DA:18,2
DA:19,2
DA:21,1
DA:22,1
DA:23,1
DA:25,1
DA:27,1
DA:29,1
DA:34,7
LF:21
LH:21
BRDA:16,0,0,1
BRDA:16,0,1,2
BRDA:19,1,0,1
BRDA:19,1,1,1
BRF:4
BRH:4
end_of_record
TN:
SF:startup/config.js
FN:3,(anonymous_0)
FNF:1
FNH:1
FNDA:7,(anonymous_0)
DA:1,7
DA:3,7
DA:4,7
DA:5,0
LF:4
LH:3
BRDA:4,0,0,0
BRDA:4,0,1,7
BRF:2
BRH:1
end_of_record
TN:
SF:startup/db.js
FN:5,(anonymous_0)
FN:14,(anonymous_1)
FNF:2
FNH:2
FNDA:7,(anonymous_0)
FNDA:7,(anonymous_1)
DA:1,7
DA:2,7
DA:3,7
DA:5,7
DA:6,7
DA:7,7
DA:14,7
LF:7
LH:7
BRF:0
BRH:0
end_of_record
TN:
SF:startup/logging.js
FN:5,(anonymous_0)
FN:10,(anonymous_1)
FNF:2
FNH:1
FNDA:7,(anonymous_0)
FNDA:0,(anonymous_1)
DA:1,7
DA:2,7
DA:3,7
DA:5,7
DA:6,7
DA:10,7
DA:11,0
DA:14,7
DA:19,7
DA:28,7
LF:10
LH:9
BRF:0
BRH:0
end_of_record
TN:
SF:startup/routes.js
FN:11,(anonymous_0)
FNF:1
FNH:1
FNDA:7,(anonymous_0)
DA:1,7
DA:2,7
DA:3,7
DA:4,7
DA:5,7
DA:6,7
DA:7,7
DA:8,7
DA:9,7
DA:11,7
DA:12,7
DA:13,7
DA:14,7
DA:15,7
DA:16,7
DA:17,7
DA:18,7
DA:19,7
DA:20,7
LF:19
LH:19
BRF:0
BRH:0
end_of_record
TN:
SF:startup/validation.js
FN:3,(anonymous_0)
FNF:1
FNH:1
FNDA:7,(anonymous_0)
DA:1,7
DA:3,7
DA:4,7
LF:3
LH:3
BRF:0
BRH:0
end_of_record
